[debug] [2024-08-18T09:28:25.604Z] ----------------------------------------------------------------------
[debug] [2024-08-18T09:28:25.611Z] Command:       /usr/local/bin/node /usr/local/bin/firebase init
[debug] [2024-08-18T09:28:25.611Z] CLI Version:   13.15.2
[debug] [2024-08-18T09:28:25.611Z] Platform:      darwin
[debug] [2024-08-18T09:28:25.611Z] Node Version:  v22.4.0
[debug] [2024-08-18T09:28:25.612Z] Time:          Sun Aug 18 2024 12:28:25 GMT+0300 (GMT+03:00)
[debug] [2024-08-18T09:28:25.612Z] ----------------------------------------------------------------------
[debug] 
[debug] [2024-08-18T09:28:25.642Z] > command requires scopes: ["email","openid","https://www.googleapis.com/auth/cloudplatformprojects.readonly","https://www.googleapis.com/auth/firebase","https://www.googleapis.com/auth/cloud-platform"]
[debug] [2024-08-18T09:28:25.642Z] > authorizing via signed-in user (hamoudiouchar@gmail.com)
[info] 
     ######## #### ########  ######## ########     ###     ######  ########
     ##        ##  ##     ## ##       ##     ##  ##   ##  ##       ##
     ######    ##  ########  ######   ########  #########  ######  ######
     ##        ##  ##    ##  ##       ##     ## ##     ##       ## ##
     ##       #### ##     ## ######## ########  ##     ##  ######  ########

You're about to initialize a Firebase project in this directory:

  /Users/mahamoudslaptop/Desktop/All projects/medium-clone

Before we get started, keep in mind:

  * You are initializing within an existing Firebase project directory

[info] 
=== Project Setup
[info] 
[info] First, let's associate this project directory with a Firebase project.
[info] You can create multiple project aliases by running firebase use --add, 
[info] but for now we'll just set up a default project.
[info] 
[debug] [2024-08-18T09:29:50.418Z] Using project from CLI flag: medium-clone-3c1d7
[debug] [2024-08-18T09:29:50.420Z] >>> [apiv2][query] GET https://firebase.googleapis.com/v1beta1/projects/medium-clone-3c1d7 [none]
[debug] [2024-08-18T09:29:50.882Z] <<< [apiv2][status] GET https://firebase.googleapis.com/v1beta1/projects/medium-clone-3c1d7 200
[debug] [2024-08-18T09:29:50.883Z] <<< [apiv2][body] GET https://firebase.googleapis.com/v1beta1/projects/medium-clone-3c1d7 {"projectId":"medium-clone-3c1d7","projectNumber":"12287406303","displayName":"medium-clone","name":"projects/medium-clone-3c1d7","resources":{"hostingSite":"medium-clone-3c1d7","storageBucket":"medium-clone-3c1d7.appspot.com","locationId":"us-central"},"state":"ACTIVE","etag":"1_f80c7aa4-8e14-4c0a-9720-457fb9f97b6f"}
[info] i  Using project medium-clone-3c1d7 (medium-clone) 
[info] 
=== Hosting Setup
[debug] [2024-08-18T09:29:50.892Z] >>> [apiv2][query] GET https://firebase.googleapis.com/v1beta1/projects/medium-clone-3c1d7 [none]
[debug] [2024-08-18T09:29:51.135Z] <<< [apiv2][status] GET https://firebase.googleapis.com/v1beta1/projects/medium-clone-3c1d7 200
[debug] [2024-08-18T09:29:51.136Z] <<< [apiv2][body] GET https://firebase.googleapis.com/v1beta1/projects/medium-clone-3c1d7 {"projectId":"medium-clone-3c1d7","projectNumber":"12287406303","displayName":"medium-clone","name":"projects/medium-clone-3c1d7","resources":{"hostingSite":"medium-clone-3c1d7","storageBucket":"medium-clone-3c1d7.appspot.com","locationId":"us-central"},"state":"ACTIVE","etag":"1_f80c7aa4-8e14-4c0a-9720-457fb9f97b6f"}
[info] 
[info] Your public directory is the folder (relative to your project directory) that
[info] will contain Hosting assets to be uploaded with firebase deploy. If you
[info] have a build process for your assets, use your build's output directory.
[info] 
[debug] [2024-08-18T09:31:22.805Z] >>> [apiv2][query] GET https://www.gstatic.com/firebasejs/releases.json [none]
[debug] [2024-08-18T09:31:23.069Z] <<< [apiv2][status] GET https://www.gstatic.com/firebasejs/releases.json 200
[debug] [2024-08-18T09:31:23.069Z] <<< [apiv2][body] GET https://www.gstatic.com/firebasejs/releases.json {"current":{"version":"10.13.0","browserURL":"https://www.gstatic.com/firebasejs/10.13.0/firebase.js","packageURL":"https://www.gstatic.com/firebasejs/10.13.0/firebase.tgz"},"live":{"version":"10.13","browserURL":"https://www.gstatic.com/firebasejs/live/10.13/firebase.js","packageURL":"https://www.gstatic.com/firebasejs/live/10.13/firebase.tgz"},"components":{"analytics":"https://www.gstatic.com/firebasejs/10.13.0/firebase-analytics.js","app":"https://www.gstatic.com/firebasejs/10.13.0/firebase-app.js","app-check":"https://www.gstatic.com/firebasejs/10.13.0/firebase-app-check.js","auth":"https://www.gstatic.com/firebasejs/10.13.0/firebase-auth.js","auth/cordova":"https://www.gstatic.com/firebasejs/10.13.0/firebase-auth/cordova.js","auth/web-extension":"https://www.gstatic.com/firebasejs/10.13.0/firebase-auth/web-extension.js","functions":"https://www.gstatic.com/firebasejs/10.13.0/firebase-functions.js","firestore":"https://www.gstatic.com/firebasejs/10.13.0/firebase-firestore.js","firestore/lite":"https://www.gstatic.com/firebasejs/10.13.0/firebase-firestore/lite.js","installations":"https://www.gstatic.com/firebasejs/10.13.0/firebase-installations.js","storage":"https://www.gstatic.com/firebasejs/10.13.0/firebase-storage.js","performance":"https://www.gstatic.com/firebasejs/10.13.0/firebase-performance.js","remote-config":"https://www.gstatic.com/firebasejs/10.13.0/firebase-remote-config.js","messaging":"https://www.gstatic.com/firebasejs/10.13.0/firebase-messaging.js","messaging/sw":"https://www.gstatic.com/firebasejs/10.13.0/firebase-messaging/sw.js","database":"https://www.gstatic.com/firebasejs/10.13.0/firebase-database.js","vertexai-preview":"https://www.gstatic.com/firebasejs/10.13.0/firebase-vertexai-preview.js","firestore.memory":"https://www.gstatic.com/firebasejs/10.13.0/firebase-firestore.memory.js"}}
[info] i  Skipping write of public/index.html 
[info] 
[info] i  Detected a .git folder at /Users/mahamoudslaptop/Desktop/All projects/medium-clone 
[info] i  Authorizing with GitHub to upload your service account to a GitHub repository's secrets store. 
[info] 
[info] Visit this URL on this device to log in:
[info] https://github.com/login/oauth/authorize?client_id=89cf50f02ac6aaed3484&state=54477647&redirect_uri=http%3A%2F%2Flocalhost%3A9005&scope=read%3Auser%20repo%20public_repo
[info] 
[info] Waiting for authentication...
[debug] [2024-08-18T09:32:04.817Z] >>> [apiv2][query] POST https://github.com/login/oauth/access_token [none]
[debug] [2024-08-18T09:32:04.818Z] >>> [apiv2][body] POST https://github.com/login/oauth/access_token [stream]
[debug] [2024-08-18T09:32:05.154Z] <<< [apiv2][status] POST https://github.com/login/oauth/access_token 200
[debug] [2024-08-18T09:32:05.154Z] <<< [apiv2][body] POST https://github.com/login/oauth/access_token {"access_token":"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","token_type":"bearer","scope":"read:user,repo"}
[debug] [2024-08-18T09:32:05.159Z] >>> [apiv2][query] GET https://api.github.com/user [none]
[debug] [2024-08-18T09:32:05.501Z] <<< [apiv2][status] GET https://api.github.com/user 200
[debug] [2024-08-18T09:32:05.504Z] <<< [apiv2][body] GET https://api.github.com/user {"login":"Mhd7800","id":105542442,"node_id":"U_kgDOBkpzKg","avatar_url":"https://avatars.githubusercontent.com/u/105542442?v=4","gravatar_id":"","url":"https://api.github.com/users/Mhd7800","html_url":"https://github.com/Mhd7800","followers_url":"https://api.github.com/users/Mhd7800/followers","following_url":"https://api.github.com/users/Mhd7800/following{/other_user}","gists_url":"https://api.github.com/users/Mhd7800/gists{/gist_id}","starred_url":"https://api.github.com/users/Mhd7800/starred{/owner}{/repo}","subscriptions_url":"https://api.github.com/users/Mhd7800/subscriptions","organizations_url":"https://api.github.com/users/Mhd7800/orgs","repos_url":"https://api.github.com/users/Mhd7800/repos","events_url":"https://api.github.com/users/Mhd7800/events{/privacy}","received_events_url":"https://api.github.com/users/Mhd7800/received_events","type":"User","site_admin":false,"name":"Mahamoud ouchar","company":null,"blog":"","location":null,"email":null,"hireable":null,"bio":"I have a computer engineer degree. \r\nNow I am working on full-stack web projects, I use Java as backend language and React Js for the UI of my projects. ","twitter_username":null,"notification_email":null,"public_repos":20,"public_gists":0,"followers":8,"following":10,"created_at":"2022-05-14T09:30:47Z","updated_at":"2024-08-14T12:26:40Z","private_gists":0,"total_private_repos":4,"owned_private_repos":4,"disk_usage":155551,"collaborators":0,"two_factor_authentication":false,"plan":{"name":"pro","space":976562499,"collaborators":0,"private_repos":9999}}
[info] 
[info] ✔  Success! Logged into GitHub as Mhd7800 
[info] 
